<?xml version="1.0" encoding="UTF-8"?>
<!-- Generated by org.testng.reporters.JUnitReportReporter -->
<testsuite skipped="0" hostname="ICT-OS-XUYENMT" name="themdulieunhakhau.ThemDuLieuNhanKhauTest" tests="4" failures="0" timestamp="11 Aug 2017 01:34:58 GMT" time="151.558" errors="0">
  <testcase name="themoinhankhau" time="41.208" classname="themdulieunhakhau.ThemDuLieuNhanKhauTest"/>
  <testcase name="themoinhankhau1" time="36.565" classname="themdulieunhakhau.ThemDuLieuNhanKhauTest"/>
  <testcase name="themoinhankhau2" time="36.889" classname="themdulieunhakhau.ThemDuLieuNhanKhauTest"/>
  <testcase name="themoinhankhau3" time="36.896" classname="themdulieunhakhau.ThemDuLieuNhanKhauTest"/>
</testsuite> <!-- themdulieunhakhau.ThemDuLieuNhanKhauTest -->
