<?xml version="1.0" encoding="UTF-8"?>
<!-- Generated by org.testng.reporters.JUnitReportReporter -->
<testsuite skipped="0" hostname="ICT-OS-XUYENMT" name="themdulieu.ThemDuLieuHoKhauTest" tests="2" failures="0" timestamp="31 Aug 2017 05:09:23 GMT" time="67.572" errors="0">
  <testcase name="themoihokhauthanhcong" time="46.859" classname="themdulieu.ThemDuLieuHoKhauTest"/>
  <testcase name="themmoiNKVaoHkThanhCong" time="20.713" classname="themdulieu.ThemDuLieuHoKhauTest"/>
</testsuite> <!-- themdulieu.ThemDuLieuHoKhauTest -->
