<?xml version="1.0" encoding="UTF-8"?>
<!-- Generated by org.testng.reporters.JUnitReportReporter -->
<testsuite skipped="0" hostname="ICT-OS-XUYENMT" name="quanlyhososuckhoe.LichSuThemTest" tests="14" failures="0" timestamp="31 Aug 2017 05:09:23 GMT" time="219.875" errors="0">
  <testcase name="boTrongngaykham" time="21.193" classname="quanlyhososuckhoe.LichSuThemTest"/>
  <testcase name="boTrongNgayBatDau" time="10.462" classname="quanlyhososuckhoe.LichSuThemTest"/>
  <testcase name="boTrongNgayKetThuc" time="7.164" classname="quanlyhososuckhoe.LichSuThemTest"/>
  <testcase name="ngayKhamKhongDuocNhoHonNgayBatDau" time="17.842" classname="quanlyhososuckhoe.LichSuThemTest"/>
  <testcase name="ngayKetThucKhongDuocNhoHonNgayBatDau" time="18.552" classname="quanlyhososuckhoe.LichSuThemTest"/>
  <testcase name="ngayKhamKhongDuocLonHonNgayKetThuc" time="14.535" classname="quanlyhososuckhoe.LichSuThemTest"/>
  <testcase name="ngayKhamKhongDuocLonHonNgayHientai" time="14.818" classname="quanlyhososuckhoe.LichSuThemTest"/>
  <testcase name="ngayTaiKhamLonHonNgayKham" time="42.252" classname="quanlyhososuckhoe.LichSuThemTest"/>
  <testcase name="themMoiLichSuThanhCong" time="29.557" classname="quanlyhososuckhoe.LichSuThemTest"/>
  <testcase name="tenDichvuKongDuocDeTrong" time="10.014" classname="quanlyhososuckhoe.LichSuThemTest"/>
  <testcase name="ketQuaKhongDuocDetrong" time="6.487" classname="quanlyhososuckhoe.LichSuThemTest"/>
  <testcase name="tenThuocKhongDuocDeTrong" time="6.363" classname="quanlyhososuckhoe.LichSuThemTest"/>
  <testcase name="soLuongKhongDuocDetrong" time="8.685" classname="quanlyhososuckhoe.LichSuThemTest"/>
  <testcase name="soLuongPhaiNhapDangSo" time="11.951" classname="quanlyhososuckhoe.LichSuThemTest"/>
</testsuite> <!-- quanlyhososuckhoe.LichSuThemTest -->
