<?xml version="1.0" encoding="UTF-8"?>
<!-- Generated by org.testng.reporters.JUnitReportReporter -->
<testsuite skipped="0" hostname="ICT-OS-XUYENMT" name="quanlyhogiadinh.HoKhauThemTest" tests="12" failures="0" timestamp="31 Aug 2017 05:09:23 GMT" time="209.510" errors="0">
  <testcase name="HoKhauThemMoi" time="22.763" classname="quanlyhogiadinh.HoKhauThemTest"/>
  <testcase name="chuanhaptenchuho" time="9.210" classname="quanlyhogiadinh.HoKhauThemTest"/>
  <testcase name="ktrabttaomoihokhau" time="5.017" classname="quanlyhogiadinh.HoKhauThemTest"/>
  <testcase name="dodaiqua13kitu" time="12.525" classname="quanlyhogiadinh.HoKhauThemTest"/>
  <testcase name="nhapMYTCNbangmotgiatribatki" time="14.549" classname="quanlyhogiadinh.HoKhauThemTest"/>
  <testcase name="ktranhankhaudalachucuahokhac" time="29.478" classname="quanlyhogiadinh.HoKhauThemTest"/>
  <testcase name="themoihokhauthanhcong" time="47.688" classname="quanlyhogiadinh.HoKhauThemTest"/>
  <testcase name="ktrabtxemchitiet" time="15.911" classname="quanlyhogiadinh.HoKhauThemTest"/>
  <testcase name="chuacodulieuthaydoi" time="15.375" classname="quanlyhogiadinh.HoKhauThemTest"/>
  <testcase name="suathongtinchuho" time="9.026" classname="quanlyhogiadinh.HoKhauThemTest"/>
  <testcase name="xoathongtinchuho" time="12.048" classname="quanlyhogiadinh.HoKhauThemTest"/>
  <testcase name="xoahokhau" time="15.920" classname="quanlyhogiadinh.HoKhauThemTest"/>
</testsuite> <!-- quanlyhogiadinh.HoKhauThemTest -->
